  BasicShapes.cpp
C:\Users\hp\Downloads\Shape-Hunt-main\Shape-Hunt-main last version mai abdelnaby\Shape-Hunt-main\gameConfig.h(38,23): warning C4244: 'initializing': conversion from 'double' to 'int', possible loss of data
  (compiling source file 'BasicShapes.cpp')
  
C:\Users\hp\Downloads\Shape-Hunt-main\Shape-Hunt-main last version mai abdelnaby\Shape-Hunt-main\gameConfig.h(39,24): warning C4244: 'initializing': conversion from 'double' to 'int', possible loss of data
  (compiling source file 'BasicShapes.cpp')
  
C:\Users\hp\Downloads\Shape-Hunt-main\Shape-Hunt-main last version mai abdelnaby\Shape-Hunt-main\BasicShapes.cpp(31,9): warning C4244: '=': conversion from 'double' to 'int', possible loss of data
C:\Users\hp\Downloads\Shape-Hunt-main\Shape-Hunt-main last version mai abdelnaby\Shape-Hunt-main\BasicShapes.cpp(34,9): warning C4244: '=': conversion from 'double' to 'int', possible loss of data
C:\Users\hp\Downloads\Shape-Hunt-main\Shape-Hunt-main last version mai abdelnaby\Shape-Hunt-main\BasicShapes.cpp(116,9): warning C4244: '=': conversion from 'double' to 'int', possible loss of data
C:\Users\hp\Downloads\Shape-Hunt-main\Shape-Hunt-main last version mai abdelnaby\Shape-Hunt-main\BasicShapes.cpp(192,64): warning C4244: '=': conversion from 'double' to 'int', possible loss of data
C:\Users\hp\Downloads\Shape-Hunt-main\Shape-Hunt-main last version mai abdelnaby\Shape-Hunt-main\BasicShapes.cpp(193,63): warning C4244: '=': conversion from 'double' to 'int', possible loss of data
C:\Users\hp\Downloads\Shape-Hunt-main\Shape-Hunt-main last version mai abdelnaby\Shape-Hunt-main\BasicShapes.cpp(194,58): warning C4244: '=': conversion from 'double' to 'int', possible loss of data
C:\Users\hp\Downloads\Shape-Hunt-main\Shape-Hunt-main last version mai abdelnaby\Shape-Hunt-main\BasicShapes.cpp(195,58): warning C4244: '=': conversion from 'double' to 'int', possible loss of data
C:\Users\hp\Downloads\Shape-Hunt-main\Shape-Hunt-main last version mai abdelnaby\Shape-Hunt-main\BasicShapes.cpp(196,64): warning C4244: '=': conversion from 'double' to 'int', possible loss of data
C:\Users\hp\Downloads\Shape-Hunt-main\Shape-Hunt-main last version mai abdelnaby\Shape-Hunt-main\BasicShapes.cpp(197,64): warning C4244: '=': conversion from 'double' to 'int', possible loss of data
C:\Users\hp\Downloads\Shape-Hunt-main\Shape-Hunt-main last version mai abdelnaby\Shape-Hunt-main\BasicShapes.cpp(206,15): warning C4244: '=': conversion from 'double' to 'int', possible loss of data
C:\Users\hp\Downloads\Shape-Hunt-main\Shape-Hunt-main last version mai abdelnaby\Shape-Hunt-main\BasicShapes.cpp(240,16): warning C4244: '*=': conversion from 'double' to 'int', possible loss of data
  auxil.cpp
  CMUgraphics.cpp
C:\Users\hp\Downloads\Shape-Hunt-main\Shape-Hunt-main last version mai abdelnaby\Shape-Hunt-main\CMUgraphicsLib\CMUgraphics.cpp(257,9): warning C4101: 'iX': unreferenced local variable
C:\Users\hp\Downloads\Shape-Hunt-main\Shape-Hunt-main last version mai abdelnaby\Shape-Hunt-main\CMUgraphicsLib\CMUgraphics.cpp(257,13): warning C4101: 'iY': unreferenced local variable
C:\Users\hp\Downloads\Shape-Hunt-main\Shape-Hunt-main last version mai abdelnaby\Shape-Hunt-main\CMUgraphicsLib\CMUgraphics.cpp(751,3): warning C4996: 'strcpy': This function or variable may be unsafe. Consider using strcpy_s instead. To disable deprecation, use _CRT_SECURE_NO_WARNINGS. See online help for details.
C:\Users\hp\Downloads\Shape-Hunt-main\Shape-Hunt-main last version mai abdelnaby\Shape-Hunt-main\CMUgraphicsLib\CMUgraphics.cpp(1164,2): warning C4996: 'sprintf': This function or variable may be unsafe. Consider using sprintf_s instead. To disable deprecation, use _CRT_SECURE_NO_WARNINGS. See online help for details.
C:\Users\hp\Downloads\Shape-Hunt-main\Shape-Hunt-main last version mai abdelnaby\Shape-Hunt-main\CMUgraphicsLib\CMUgraphics.cpp(1171,2): warning C4996: 'sprintf': This function or variable may be unsafe. Consider using sprintf_s instead. To disable deprecation, use _CRT_SECURE_NO_WARNINGS. See online help for details.
C:\Users\hp\Downloads\Shape-Hunt-main\Shape-Hunt-main last version mai abdelnaby\Shape-Hunt-main\CMUgraphicsLib\CMUgraphics.cpp(1202,2): warning C4996: 'sprintf': This function or variable may be unsafe. Consider using sprintf_s instead. To disable deprecation, use _CRT_SECURE_NO_WARNINGS. See online help for details.
C:\Users\hp\Downloads\Shape-Hunt-main\Shape-Hunt-main last version mai abdelnaby\Shape-Hunt-main\CMUgraphicsLib\CMUgraphics.cpp(1210,2): warning C4996: 'sprintf': This function or variable may be unsafe. Consider using sprintf_s instead. To disable deprecation, use _CRT_SECURE_NO_WARNINGS. See online help for details.
C:\Users\hp\Downloads\Shape-Hunt-main\Shape-Hunt-main last version mai abdelnaby\Shape-Hunt-main\CMUgraphicsLib\CMUgraphics.cpp(1357,23): warning C4018: '>': signed/unsigned mismatch
  image.cpp
C:\Users\hp\Downloads\Shape-Hunt-main\Shape-Hunt-main last version mai abdelnaby\Shape-Hunt-main\CMUgraphicsLib\image.cpp(115,29): warning C4018: '<': signed/unsigned mismatch
  keyqueue.cpp
  mousequeue.cpp
  windowinput.cpp
  CompositeShapes.cpp
C:\Users\hp\Downloads\Shape-Hunt-main\Shape-Hunt-main last version mai abdelnaby\Shape-Hunt-main\gameConfig.h(38,23): warning C4244: 'initializing': conversion from 'double' to 'int', possible loss of data
  (compiling source file 'CompositeShapes.cpp')
  
C:\Users\hp\Downloads\Shape-Hunt-main\Shape-Hunt-main last version mai abdelnaby\Shape-Hunt-main\gameConfig.h(39,24): warning C4244: 'initializing': conversion from 'double' to 'int', possible loss of data
  (compiling source file 'CompositeShapes.cpp')
  
C:\Users\hp\Downloads\Shape-Hunt-main\Shape-Hunt-main last version mai abdelnaby\Shape-Hunt-main\CompositeShapes.cpp(84,50): warning C4244: '=': conversion from 'double' to 'int', possible loss of data
C:\Users\hp\Downloads\Shape-Hunt-main\Shape-Hunt-main last version mai abdelnaby\Shape-Hunt-main\CompositeShapes.cpp(90,29): warning C4244: '=': conversion from 'double' to 'int', possible loss of data
C:\Users\hp\Downloads\Shape-Hunt-main\Shape-Hunt-main last version mai abdelnaby\Shape-Hunt-main\CompositeShapes.cpp(194,30): warning C4244: '=': conversion from 'double' to 'int', possible loss of data
C:\Users\hp\Downloads\Shape-Hunt-main\Shape-Hunt-main last version mai abdelnaby\Shape-Hunt-main\CompositeShapes.cpp(195,30): warning C4244: '=': conversion from 'double' to 'int', possible loss of data
C:\Users\hp\Downloads\Shape-Hunt-main\Shape-Hunt-main last version mai abdelnaby\Shape-Hunt-main\CompositeShapes.cpp(202,28): warning C4244: '=': conversion from 'double' to 'int', possible loss of data
C:\Users\hp\Downloads\Shape-Hunt-main\Shape-Hunt-main last version mai abdelnaby\Shape-Hunt-main\CompositeShapes.cpp(203,28): warning C4244: '=': conversion from 'double' to 'int', possible loss of data
C:\Users\hp\Downloads\Shape-Hunt-main\Shape-Hunt-main last version mai abdelnaby\Shape-Hunt-main\CompositeShapes.cpp(209,33): warning C4244: '=': conversion from 'double' to 'int', possible loss of data
C:\Users\hp\Downloads\Shape-Hunt-main\Shape-Hunt-main last version mai abdelnaby\Shape-Hunt-main\CompositeShapes.cpp(210,33): warning C4244: '=': conversion from 'double' to 'int', possible loss of data
C:\Users\hp\Downloads\Shape-Hunt-main\Shape-Hunt-main last version mai abdelnaby\Shape-Hunt-main\CompositeShapes.cpp(215,34): warning C4244: '=': conversion from 'double' to 'int', possible loss of data
C:\Users\hp\Downloads\Shape-Hunt-main\Shape-Hunt-main last version mai abdelnaby\Shape-Hunt-main\CompositeShapes.cpp(216,34): warning C4244: '=': conversion from 'double' to 'int', possible loss of data
C:\Users\hp\Downloads\Shape-Hunt-main\Shape-Hunt-main last version mai abdelnaby\Shape-Hunt-main\CompositeShapes.cpp(623,50): warning C4244: '=': conversion from 'double' to 'int', possible loss of data
C:\Users\hp\Downloads\Shape-Hunt-main\Shape-Hunt-main last version mai abdelnaby\Shape-Hunt-main\CompositeShapes.cpp(663,40): warning C4838: conversion from 'double' to 'int' requires a narrowing conversion
C:\Users\hp\Downloads\Shape-Hunt-main\Shape-Hunt-main last version mai abdelnaby\Shape-Hunt-main\CompositeShapes.cpp(663,40): warning C4244: 'initializing': conversion from 'double' to 'int', possible loss of data
C:\Users\hp\Downloads\Shape-Hunt-main\Shape-Hunt-main last version mai abdelnaby\Shape-Hunt-main\CompositeShapes.cpp(663,94): warning C4838: conversion from 'double' to 'int' requires a narrowing conversion
C:\Users\hp\Downloads\Shape-Hunt-main\Shape-Hunt-main last version mai abdelnaby\Shape-Hunt-main\CompositeShapes.cpp(663,94): warning C4244: 'initializing': conversion from 'double' to 'int', possible loss of data
C:\Users\hp\Downloads\Shape-Hunt-main\Shape-Hunt-main last version mai abdelnaby\Shape-Hunt-main\CompositeShapes.cpp(664,38): warning C4838: conversion from 'double' to 'int' requires a narrowing conversion
C:\Users\hp\Downloads\Shape-Hunt-main\Shape-Hunt-main last version mai abdelnaby\Shape-Hunt-main\CompositeShapes.cpp(664,38): warning C4244: 'initializing': conversion from 'double' to 'int', possible loss of data
C:\Users\hp\Downloads\Shape-Hunt-main\Shape-Hunt-main last version mai abdelnaby\Shape-Hunt-main\CompositeShapes.cpp(664,92): warning C4838: conversion from 'double' to 'int' requires a narrowing conversion
C:\Users\hp\Downloads\Shape-Hunt-main\Shape-Hunt-main last version mai abdelnaby\Shape-Hunt-main\CompositeShapes.cpp(664,92): warning C4244: 'initializing': conversion from 'double' to 'int', possible loss of data
C:\Users\hp\Downloads\Shape-Hunt-main\Shape-Hunt-main last version mai abdelnaby\Shape-Hunt-main\CompositeShapes.cpp(665,43): warning C4838: conversion from 'double' to 'int' requires a narrowing conversion
C:\Users\hp\Downloads\Shape-Hunt-main\Shape-Hunt-main last version mai abdelnaby\Shape-Hunt-main\CompositeShapes.cpp(665,43): warning C4244: 'initializing': conversion from 'double' to 'int', possible loss of data
C:\Users\hp\Downloads\Shape-Hunt-main\Shape-Hunt-main last version mai abdelnaby\Shape-Hunt-main\CompositeShapes.cpp(665,97): warning C4838: conversion from 'double' to 'int' requires a narrowing conversion
C:\Users\hp\Downloads\Shape-Hunt-main\Shape-Hunt-main last version mai abdelnaby\Shape-Hunt-main\CompositeShapes.cpp(665,97): warning C4244: 'initializing': conversion from 'double' to 'int', possible loss of data
C:\Users\hp\Downloads\Shape-Hunt-main\Shape-Hunt-main last version mai abdelnaby\Shape-Hunt-main\CompositeShapes.cpp(666,44): warning C4838: conversion from 'double' to 'int' requires a narrowing conversion
C:\Users\hp\Downloads\Shape-Hunt-main\Shape-Hunt-main last version mai abdelnaby\Shape-Hunt-main\CompositeShapes.cpp(666,44): warning C4244: 'initializing': conversion from 'double' to 'int', possible loss of data
C:\Users\hp\Downloads\Shape-Hunt-main\Shape-Hunt-main last version mai abdelnaby\Shape-Hunt-main\CompositeShapes.cpp(666,98): warning C4838: conversion from 'double' to 'int' requires a narrowing conversion
C:\Users\hp\Downloads\Shape-Hunt-main\Shape-Hunt-main last version mai abdelnaby\Shape-Hunt-main\CompositeShapes.cpp(666,98): warning C4244: 'initializing': conversion from 'double' to 'int', possible loss of data
C:\Users\hp\Downloads\Shape-Hunt-main\Shape-Hunt-main last version mai abdelnaby\Shape-Hunt-main\CompositeShapes.cpp(697,39): warning C4838: conversion from 'double' to 'int' requires a narrowing conversion
C:\Users\hp\Downloads\Shape-Hunt-main\Shape-Hunt-main last version mai abdelnaby\Shape-Hunt-main\CompositeShapes.cpp(697,39): warning C4244: 'initializing': conversion from 'double' to 'int', possible loss of data
C:\Users\hp\Downloads\Shape-Hunt-main\Shape-Hunt-main last version mai abdelnaby\Shape-Hunt-main\CompositeShapes.cpp(697,93): warning C4838: conversion from 'double' to 'int' requires a narrowing conversion
C:\Users\hp\Downloads\Shape-Hunt-main\Shape-Hunt-main last version mai abdelnaby\Shape-Hunt-main\CompositeShapes.cpp(697,93): warning C4244: 'initializing': conversion from 'double' to 'int', possible loss of data
C:\Users\hp\Downloads\Shape-Hunt-main\Shape-Hunt-main last version mai abdelnaby\Shape-Hunt-main\CompositeShapes.cpp(698,37): warning C4838: conversion from 'double' to 'int' requires a narrowing conversion
C:\Users\hp\Downloads\Shape-Hunt-main\Shape-Hunt-main last version mai abdelnaby\Shape-Hunt-main\CompositeShapes.cpp(698,37): warning C4244: 'initializing': conversion from 'double' to 'int', possible loss of data
C:\Users\hp\Downloads\Shape-Hunt-main\Shape-Hunt-main last version mai abdelnaby\Shape-Hunt-main\CompositeShapes.cpp(698,91): warning C4838: conversion from 'double' to 'int' requires a narrowing conversion
C:\Users\hp\Downloads\Shape-Hunt-main\Shape-Hunt-main last version mai abdelnaby\Shape-Hunt-main\CompositeShapes.cpp(698,91): warning C4244: 'initializing': conversion from 'double' to 'int', possible loss of data
C:\Users\hp\Downloads\Shape-Hunt-main\Shape-Hunt-main last version mai abdelnaby\Shape-Hunt-main\CompositeShapes.cpp(699,42): warning C4838: conversion from 'double' to 'int' requires a narrowing conversion
C:\Users\hp\Downloads\Shape-Hunt-main\Shape-Hunt-main last version mai abdelnaby\Shape-Hunt-main\CompositeShapes.cpp(699,42): warning C4244: 'initializing': conversion from 'double' to 'int', possible loss of data
C:\Users\hp\Downloads\Shape-Hunt-main\Shape-Hunt-main last version mai abdelnaby\Shape-Hunt-main\CompositeShapes.cpp(699,96): warning C4838: conversion from 'double' to 'int' requires a narrowing conversion
C:\Users\hp\Downloads\Shape-Hunt-main\Shape-Hunt-main last version mai abdelnaby\Shape-Hunt-main\CompositeShapes.cpp(699,96): warning C4244: 'initializing': conversion from 'double' to 'int', possible loss of data
C:\Users\hp\Downloads\Shape-Hunt-main\Shape-Hunt-main last version mai abdelnaby\Shape-Hunt-main\CompositeShapes.cpp(700,43): warning C4838: conversion from 'double' to 'int' requires a narrowing conversion
C:\Users\hp\Downloads\Shape-Hunt-main\Shape-Hunt-main last version mai abdelnaby\Shape-Hunt-main\CompositeShapes.cpp(700,43): warning C4244: 'initializing': conversion from 'double' to 'int', possible loss of data
C:\Users\hp\Downloads\Shape-Hunt-main\Shape-Hunt-main last version mai abdelnaby\Shape-Hunt-main\CompositeShapes.cpp(700,97): warning C4838: conversion from 'double' to 'int' requires a narrowing conversion
C:\Users\hp\Downloads\Shape-Hunt-main\Shape-Hunt-main last version mai abdelnaby\Shape-Hunt-main\CompositeShapes.cpp(700,97): warning C4244: 'initializing': conversion from 'double' to 'int', possible loss of data
C:\Users\hp\Downloads\Shape-Hunt-main\Shape-Hunt-main last version mai abdelnaby\Shape-Hunt-main\CompositeShapes.cpp(731,42): warning C4244: '=': conversion from 'double' to 'int', possible loss of data
C:\Users\hp\Downloads\Shape-Hunt-main\Shape-Hunt-main last version mai abdelnaby\Shape-Hunt-main\CompositeShapes.cpp(751,42): warning C4244: '=': conversion from 'double' to 'int', possible loss of data
C:\Users\hp\Downloads\Shape-Hunt-main\Shape-Hunt-main last version mai abdelnaby\Shape-Hunt-main\CompositeShapes.cpp(794,76): warning C4838: conversion from 'double' to 'int' requires a narrowing conversion
C:\Users\hp\Downloads\Shape-Hunt-main\Shape-Hunt-main last version mai abdelnaby\Shape-Hunt-main\CompositeShapes.cpp(794,76): warning C4244: 'initializing': conversion from 'double' to 'int', possible loss of data
C:\Users\hp\Downloads\Shape-Hunt-main\Shape-Hunt-main last version mai abdelnaby\Shape-Hunt-main\CompositeShapes.cpp(795,68): warning C4838: conversion from 'double' to 'int' requires a narrowing conversion
C:\Users\hp\Downloads\Shape-Hunt-main\Shape-Hunt-main last version mai abdelnaby\Shape-Hunt-main\CompositeShapes.cpp(795,68): warning C4244: 'initializing': conversion from 'double' to 'int', possible loss of data
C:\Users\hp\Downloads\Shape-Hunt-main\Shape-Hunt-main last version mai abdelnaby\Shape-Hunt-main\CompositeShapes.cpp(795,125): warning C4838: conversion from 'double' to 'int' requires a narrowing conversion
C:\Users\hp\Downloads\Shape-Hunt-main\Shape-Hunt-main last version mai abdelnaby\Shape-Hunt-main\CompositeShapes.cpp(795,125): warning C4244: 'initializing': conversion from 'double' to 'int', possible loss of data
C:\Users\hp\Downloads\Shape-Hunt-main\Shape-Hunt-main last version mai abdelnaby\Shape-Hunt-main\CompositeShapes.cpp(796,67): warning C4838: conversion from 'double' to 'int' requires a narrowing conversion
C:\Users\hp\Downloads\Shape-Hunt-main\Shape-Hunt-main last version mai abdelnaby\Shape-Hunt-main\CompositeShapes.cpp(796,67): warning C4244: 'initializing': conversion from 'double' to 'int', possible loss of data
C:\Users\hp\Downloads\Shape-Hunt-main\Shape-Hunt-main last version mai abdelnaby\Shape-Hunt-main\CompositeShapes.cpp(796,123): warning C4838: conversion from 'double' to 'int' requires a narrowing conversion
C:\Users\hp\Downloads\Shape-Hunt-main\Shape-Hunt-main last version mai abdelnaby\Shape-Hunt-main\CompositeShapes.cpp(796,123): warning C4244: 'initializing': conversion from 'double' to 'int', possible loss of data
C:\Users\hp\Downloads\Shape-Hunt-main\Shape-Hunt-main last version mai abdelnaby\Shape-Hunt-main\CompositeShapes.cpp(822,76): warning C4838: conversion from 'double' to 'int' requires a narrowing conversion
C:\Users\hp\Downloads\Shape-Hunt-main\Shape-Hunt-main last version mai abdelnaby\Shape-Hunt-main\CompositeShapes.cpp(822,76): warning C4244: 'initializing': conversion from 'double' to 'int', possible loss of data
C:\Users\hp\Downloads\Shape-Hunt-main\Shape-Hunt-main last version mai abdelnaby\Shape-Hunt-main\CompositeShapes.cpp(823,68): warning C4838: conversion from 'double' to 'int' requires a narrowing conversion
C:\Users\hp\Downloads\Shape-Hunt-main\Shape-Hunt-main last version mai abdelnaby\Shape-Hunt-main\CompositeShapes.cpp(823,68): warning C4244: 'initializing': conversion from 'double' to 'int', possible loss of data
C:\Users\hp\Downloads\Shape-Hunt-main\Shape-Hunt-main last version mai abdelnaby\Shape-Hunt-main\CompositeShapes.cpp(823,125): warning C4838: conversion from 'double' to 'int' requires a narrowing conversion
C:\Users\hp\Downloads\Shape-Hunt-main\Shape-Hunt-main last version mai abdelnaby\Shape-Hunt-main\CompositeShapes.cpp(823,125): warning C4244: 'initializing': conversion from 'double' to 'int', possible loss of data
C:\Users\hp\Downloads\Shape-Hunt-main\Shape-Hunt-main last version mai abdelnaby\Shape-Hunt-main\CompositeShapes.cpp(824,67): warning C4838: conversion from 'double' to 'int' requires a narrowing conversion
C:\Users\hp\Downloads\Shape-Hunt-main\Shape-Hunt-main last version mai abdelnaby\Shape-Hunt-main\CompositeShapes.cpp(824,67): warning C4244: 'initializing': conversion from 'double' to 'int', possible loss of data
C:\Users\hp\Downloads\Shape-Hunt-main\Shape-Hunt-main last version mai abdelnaby\Shape-Hunt-main\CompositeShapes.cpp(824,123): warning C4838: conversion from 'double' to 'int' requires a narrowing conversion
C:\Users\hp\Downloads\Shape-Hunt-main\Shape-Hunt-main last version mai abdelnaby\Shape-Hunt-main\CompositeShapes.cpp(824,123): warning C4244: 'initializing': conversion from 'double' to 'int', possible loss of data
C:\Users\hp\Downloads\Shape-Hunt-main\Shape-Hunt-main last version mai abdelnaby\Shape-Hunt-main\CompositeShapes.cpp(899,86): warning C4838: conversion from 'double' to 'int' requires a narrowing conversion
C:\Users\hp\Downloads\Shape-Hunt-main\Shape-Hunt-main last version mai abdelnaby\Shape-Hunt-main\CompositeShapes.cpp(899,86): warning C4244: 'initializing': conversion from 'double' to 'int', possible loss of data
C:\Users\hp\Downloads\Shape-Hunt-main\Shape-Hunt-main last version mai abdelnaby\Shape-Hunt-main\CompositeShapes.cpp(900,62): warning C4838: conversion from 'double' to 'int' requires a narrowing conversion
C:\Users\hp\Downloads\Shape-Hunt-main\Shape-Hunt-main last version mai abdelnaby\Shape-Hunt-main\CompositeShapes.cpp(900,62): warning C4244: 'initializing': conversion from 'double' to 'int', possible loss of data
C:\Users\hp\Downloads\Shape-Hunt-main\Shape-Hunt-main last version mai abdelnaby\Shape-Hunt-main\CompositeShapes.cpp(901,62): warning C4838: conversion from 'double' to 'int' requires a narrowing conversion
C:\Users\hp\Downloads\Shape-Hunt-main\Shape-Hunt-main last version mai abdelnaby\Shape-Hunt-main\CompositeShapes.cpp(901,62): warning C4244: 'initializing': conversion from 'double' to 'int', possible loss of data
C:\Users\hp\Downloads\Shape-Hunt-main\Shape-Hunt-main last version mai abdelnaby\Shape-Hunt-main\CompositeShapes.cpp(902,62): warning C4838: conversion from 'double' to 'int' requires a narrowing conversion
C:\Users\hp\Downloads\Shape-Hunt-main\Shape-Hunt-main last version mai abdelnaby\Shape-Hunt-main\CompositeShapes.cpp(902,62): warning C4244: 'initializing': conversion from 'double' to 'int', possible loss of data
C:\Users\hp\Downloads\Shape-Hunt-main\Shape-Hunt-main last version mai abdelnaby\Shape-Hunt-main\CompositeShapes.cpp(928,86): warning C4838: conversion from 'double' to 'int' requires a narrowing conversion
C:\Users\hp\Downloads\Shape-Hunt-main\Shape-Hunt-main last version mai abdelnaby\Shape-Hunt-main\CompositeShapes.cpp(928,86): warning C4244: 'initializing': conversion from 'double' to 'int', possible loss of data
C:\Users\hp\Downloads\Shape-Hunt-main\Shape-Hunt-main last version mai abdelnaby\Shape-Hunt-main\CompositeShapes.cpp(929,62): warning C4838: conversion from 'double' to 'int' requires a narrowing conversion
C:\Users\hp\Downloads\Shape-Hunt-main\Shape-Hunt-main last version mai abdelnaby\Shape-Hunt-main\CompositeShapes.cpp(929,62): warning C4244: 'initializing': conversion from 'double' to 'int', possible loss of data
C:\Users\hp\Downloads\Shape-Hunt-main\Shape-Hunt-main last version mai abdelnaby\Shape-Hunt-main\CompositeShapes.cpp(930,62): warning C4838: conversion from 'double' to 'int' requires a narrowing conversion
C:\Users\hp\Downloads\Shape-Hunt-main\Shape-Hunt-main last version mai abdelnaby\Shape-Hunt-main\CompositeShapes.cpp(930,62): warning C4244: 'initializing': conversion from 'double' to 'int', possible loss of data
C:\Users\hp\Downloads\Shape-Hunt-main\Shape-Hunt-main last version mai abdelnaby\Shape-Hunt-main\CompositeShapes.cpp(931,62): warning C4838: conversion from 'double' to 'int' requires a narrowing conversion
C:\Users\hp\Downloads\Shape-Hunt-main\Shape-Hunt-main last version mai abdelnaby\Shape-Hunt-main\CompositeShapes.cpp(931,62): warning C4244: 'initializing': conversion from 'double' to 'int', possible loss of data
C:\Users\hp\Downloads\Shape-Hunt-main\Shape-Hunt-main last version mai abdelnaby\Shape-Hunt-main\CompositeShapes.cpp(982,99): warning C4838: conversion from 'double' to 'int' requires a narrowing conversion
C:\Users\hp\Downloads\Shape-Hunt-main\Shape-Hunt-main last version mai abdelnaby\Shape-Hunt-main\CompositeShapes.cpp(982,99): warning C4244: 'initializing': conversion from 'double' to 'int', possible loss of data
C:\Users\hp\Downloads\Shape-Hunt-main\Shape-Hunt-main last version mai abdelnaby\Shape-Hunt-main\CompositeShapes.cpp(983,102): warning C4838: conversion from 'double' to 'int' requires a narrowing conversion
C:\Users\hp\Downloads\Shape-Hunt-main\Shape-Hunt-main last version mai abdelnaby\Shape-Hunt-main\CompositeShapes.cpp(983,102): warning C4244: 'initializing': conversion from 'double' to 'int', possible loss of data
C:\Users\hp\Downloads\Shape-Hunt-main\Shape-Hunt-main last version mai abdelnaby\Shape-Hunt-main\CompositeShapes.cpp(1006,99): warning C4838: conversion from 'double' to 'int' requires a narrowing conversion
C:\Users\hp\Downloads\Shape-Hunt-main\Shape-Hunt-main last version mai abdelnaby\Shape-Hunt-main\CompositeShapes.cpp(1006,99): warning C4244: 'initializing': conversion from 'double' to 'int', possible loss of data
C:\Users\hp\Downloads\Shape-Hunt-main\Shape-Hunt-main last version mai abdelnaby\Shape-Hunt-main\CompositeShapes.cpp(1007,102): warning C4838: conversion from 'double' to 'int' requires a narrowing conversion
C:\Users\hp\Downloads\Shape-Hunt-main\Shape-Hunt-main last version mai abdelnaby\Shape-Hunt-main\CompositeShapes.cpp(1007,102): warning C4244: 'initializing': conversion from 'double' to 'int', possible loss of data
C:\Users\hp\Downloads\Shape-Hunt-main\Shape-Hunt-main last version mai abdelnaby\Shape-Hunt-main\CompositeShapes.cpp(1088,80): warning C4838: conversion from 'double' to 'int' requires a narrowing conversion
C:\Users\hp\Downloads\Shape-Hunt-main\Shape-Hunt-main last version mai abdelnaby\Shape-Hunt-main\CompositeShapes.cpp(1088,80): warning C4244: 'initializing': conversion from 'double' to 'int', possible loss of data
C:\Users\hp\Downloads\Shape-Hunt-main\Shape-Hunt-main last version mai abdelnaby\Shape-Hunt-main\CompositeShapes.cpp(1089,69): warning C4838: conversion from 'double' to 'int' requires a narrowing conversion
C:\Users\hp\Downloads\Shape-Hunt-main\Shape-Hunt-main last version mai abdelnaby\Shape-Hunt-main\CompositeShapes.cpp(1089,69): warning C4244: 'initializing': conversion from 'double' to 'int', possible loss of data
C:\Users\hp\Downloads\Shape-Hunt-main\Shape-Hunt-main last version mai abdelnaby\Shape-Hunt-main\CompositeShapes.cpp(1089,114): warning C4838: conversion from 'double' to 'int' requires a narrowing conversion
C:\Users\hp\Downloads\Shape-Hunt-main\Shape-Hunt-main last version mai abdelnaby\Shape-Hunt-main\CompositeShapes.cpp(1089,114): warning C4244: 'initializing': conversion from 'double' to 'int', possible loss of data
C:\Users\hp\Downloads\Shape-Hunt-main\Shape-Hunt-main last version mai abdelnaby\Shape-Hunt-main\CompositeShapes.cpp(1090,91): warning C4838: conversion from 'double' to 'int' requires a narrowing conversion
C:\Users\hp\Downloads\Shape-Hunt-main\Shape-Hunt-main last version mai abdelnaby\Shape-Hunt-main\CompositeShapes.cpp(1090,91): warning C4244: 'initializing': conversion from 'double' to 'int', possible loss of data
C:\Users\hp\Downloads\Shape-Hunt-main\Shape-Hunt-main last version mai abdelnaby\Shape-Hunt-main\CompositeShapes.cpp(1090,150): warning C4838: conversion from 'double' to 'int' requires a narrowing conversion
C:\Users\hp\Downloads\Shape-Hunt-main\Shape-Hunt-main last version mai abdelnaby\Shape-Hunt-main\CompositeShapes.cpp(1090,150): warning C4244: 'initializing': conversion from 'double' to 'int', possible loss of data
C:\Users\hp\Downloads\Shape-Hunt-main\Shape-Hunt-main last version mai abdelnaby\Shape-Hunt-main\CompositeShapes.cpp(1091,92): warning C4838: conversion from 'double' to 'int' requires a narrowing conversion
C:\Users\hp\Downloads\Shape-Hunt-main\Shape-Hunt-main last version mai abdelnaby\Shape-Hunt-main\CompositeShapes.cpp(1091,92): warning C4244: 'initializing': conversion from 'double' to 'int', possible loss of data
C:\Users\hp\Downloads\Shape-Hunt-main\Shape-Hunt-main last version mai abdelnaby\Shape-Hunt-main\CompositeShapes.cpp(1091,150): warning C4838: conversion from 'double' to 'int' requires a narrowing conversion
C:\Users\hp\Downloads\Shape-Hunt-main\Shape-Hunt-main last version mai abdelnaby\Shape-Hunt-main\CompositeShapes.cpp(1091,150): warning C4244: 'initializing': conversion from 'double' to 'int', possible loss of data
C:\Users\hp\Downloads\Shape-Hunt-main\Shape-Hunt-main last version mai abdelnaby\Shape-Hunt-main\CompositeShapes.cpp(1121,80): warning C4838: conversion from 'double' to 'int' requires a narrowing conversion
C:\Users\hp\Downloads\Shape-Hunt-main\Shape-Hunt-main last version mai abdelnaby\Shape-Hunt-main\CompositeShapes.cpp(1121,80): warning C4244: 'initializing': conversion from 'double' to 'int', possible loss of data
C:\Users\hp\Downloads\Shape-Hunt-main\Shape-Hunt-main last version mai abdelnaby\Shape-Hunt-main\CompositeShapes.cpp(1122,69): warning C4838: conversion from 'double' to 'int' requires a narrowing conversion
C:\Users\hp\Downloads\Shape-Hunt-main\Shape-Hunt-main last version mai abdelnaby\Shape-Hunt-main\CompositeShapes.cpp(1122,69): warning C4244: 'initializing': conversion from 'double' to 'int', possible loss of data
C:\Users\hp\Downloads\Shape-Hunt-main\Shape-Hunt-main last version mai abdelnaby\Shape-Hunt-main\CompositeShapes.cpp(1122,114): warning C4838: conversion from 'double' to 'int' requires a narrowing conversion
C:\Users\hp\Downloads\Shape-Hunt-main\Shape-Hunt-main last version mai abdelnaby\Shape-Hunt-main\CompositeShapes.cpp(1122,114): warning C4244: 'initializing': conversion from 'double' to 'int', possible loss of data
C:\Users\hp\Downloads\Shape-Hunt-main\Shape-Hunt-main last version mai abdelnaby\Shape-Hunt-main\CompositeShapes.cpp(1123,91): warning C4838: conversion from 'double' to 'int' requires a narrowing conversion
C:\Users\hp\Downloads\Shape-Hunt-main\Shape-Hunt-main last version mai abdelnaby\Shape-Hunt-main\CompositeShapes.cpp(1123,91): warning C4244: 'initializing': conversion from 'double' to 'int', possible loss of data
C:\Users\hp\Downloads\Shape-Hunt-main\Shape-Hunt-main last version mai abdelnaby\Shape-Hunt-main\CompositeShapes.cpp(1123,150): warning C4838: conversion from 'double' to 'int' requires a narrowing conversion
C:\Users\hp\Downloads\Shape-Hunt-main\Shape-Hunt-main last version mai abdelnaby\Shape-Hunt-main\CompositeShapes.cpp(1123,150): warning C4244: 'initializing': conversion from 'double' to 'int', possible loss of data
C:\Users\hp\Downloads\Shape-Hunt-main\Shape-Hunt-main last version mai abdelnaby\Shape-Hunt-main\CompositeShapes.cpp(1124,92): warning C4838: conversion from 'double' to 'int' requires a narrowing conversion
C:\Users\hp\Downloads\Shape-Hunt-main\Shape-Hunt-main last version mai abdelnaby\Shape-Hunt-main\CompositeShapes.cpp(1124,92): warning C4244: 'initializing': conversion from 'double' to 'int', possible loss of data
C:\Users\hp\Downloads\Shape-Hunt-main\Shape-Hunt-main last version mai abdelnaby\Shape-Hunt-main\CompositeShapes.cpp(1124,150): warning C4838: conversion from 'double' to 'int' requires a narrowing conversion
C:\Users\hp\Downloads\Shape-Hunt-main\Shape-Hunt-main last version mai abdelnaby\Shape-Hunt-main\CompositeShapes.cpp(1124,150): warning C4244: 'initializing': conversion from 'double' to 'int', possible loss of data
  operations.cpp
C:\Users\hp\Downloads\Shape-Hunt-main\Shape-Hunt-main last version mai abdelnaby\Shape-Hunt-main\gameConfig.h(38,23): warning C4244: 'initializing': conversion from 'double' to 'int', possible loss of data
  (compiling source file 'operations.cpp')
  
C:\Users\hp\Downloads\Shape-Hunt-main\Shape-Hunt-main last version mai abdelnaby\Shape-Hunt-main\gameConfig.h(39,24): warning C4244: 'initializing': conversion from 'double' to 'int', possible loss of data
  (compiling source file 'operations.cpp')
  
  shape.cpp
C:\Users\hp\Downloads\Shape-Hunt-main\Shape-Hunt-main last version mai abdelnaby\Shape-Hunt-main\gameConfig.h(38,23): warning C4244: 'initializing': conversion from 'double' to 'int', possible loss of data
  (compiling source file 'shape.cpp')
  
C:\Users\hp\Downloads\Shape-Hunt-main\Shape-Hunt-main last version mai abdelnaby\Shape-Hunt-main\gameConfig.h(39,24): warning C4244: 'initializing': conversion from 'double' to 'int', possible loss of data
  (compiling source file 'shape.cpp')
  
  game.cpp
C:\Users\hp\Downloads\Shape-Hunt-main\Shape-Hunt-main last version mai abdelnaby\Shape-Hunt-main\gameConfig.h(38,23): warning C4244: 'initializing': conversion from 'double' to 'int', possible loss of data
  (compiling source file 'game.cpp')
  
C:\Users\hp\Downloads\Shape-Hunt-main\Shape-Hunt-main last version mai abdelnaby\Shape-Hunt-main\gameConfig.h(39,24): warning C4244: 'initializing': conversion from 'double' to 'int', possible loss of data
  (compiling source file 'game.cpp')
  
C:\Users\hp\Downloads\Shape-Hunt-main\Shape-Hunt-main last version mai abdelnaby\Shape-Hunt-main\game.cpp(70,30): warning C4244: 'argument': conversion from 'double' to 'const int', possible loss of data
C:\Users\hp\Downloads\Shape-Hunt-main\Shape-Hunt-main last version mai abdelnaby\Shape-Hunt-main\game.cpp(72,14): warning C4244: 'argument': conversion from 'double' to 'unsigned char', possible loss of data
C:\Users\hp\Downloads\Shape-Hunt-main\Shape-Hunt-main last version mai abdelnaby\Shape-Hunt-main\game.cpp(73,50): warning C4244: 'argument': conversion from 'double' to 'const int', possible loss of data
C:\Users\hp\Downloads\Shape-Hunt-main\Shape-Hunt-main last version mai abdelnaby\Shape-Hunt-main\game.cpp(73,37): warning C4244: 'argument': conversion from 'double' to 'const int', possible loss of data
C:\Users\hp\Downloads\Shape-Hunt-main\Shape-Hunt-main last version mai abdelnaby\Shape-Hunt-main\game.cpp(76,85): warning C4244: 'argument': conversion from 'double' to 'const int', possible loss of data
C:\Users\hp\Downloads\Shape-Hunt-main\Shape-Hunt-main last version mai abdelnaby\Shape-Hunt-main\game.cpp(76,61): warning C4244: 'argument': conversion from 'double' to 'const int', possible loss of data
C:\Users\hp\Downloads\Shape-Hunt-main\Shape-Hunt-main last version mai abdelnaby\Shape-Hunt-main\game.cpp(76,41): warning C4244: 'argument': conversion from 'double' to 'const int', possible loss of data
C:\Users\hp\Downloads\Shape-Hunt-main\Shape-Hunt-main last version mai abdelnaby\Shape-Hunt-main\game.cpp(76,22): warning C4244: 'argument': conversion from 'double' to 'const int', possible loss of data
C:\Users\hp\Downloads\Shape-Hunt-main\Shape-Hunt-main last version mai abdelnaby\Shape-Hunt-main\game.cpp(79,60): warning C4244: 'argument': conversion from 'double' to 'const int', possible loss of data
C:\Users\hp\Downloads\Shape-Hunt-main\Shape-Hunt-main last version mai abdelnaby\Shape-Hunt-main\game.cpp(79,40): warning C4244: 'argument': conversion from 'double' to 'const int', possible loss of data
C:\Users\hp\Downloads\Shape-Hunt-main\Shape-Hunt-main last version mai abdelnaby\Shape-Hunt-main\game.cpp(79,22): warning C4244: 'argument': conversion from 'double' to 'const int', possible loss of data
C:\Users\hp\Downloads\Shape-Hunt-main\Shape-Hunt-main last version mai abdelnaby\Shape-Hunt-main\game.cpp(81,74): warning C4244: 'argument': conversion from 'double' to 'const int', possible loss of data
C:\Users\hp\Downloads\Shape-Hunt-main\Shape-Hunt-main last version mai abdelnaby\Shape-Hunt-main\game.cpp(81,55): warning C4244: 'argument': conversion from 'double' to 'const int', possible loss of data
C:\Users\hp\Downloads\Shape-Hunt-main\Shape-Hunt-main last version mai abdelnaby\Shape-Hunt-main\game.cpp(81,36): warning C4244: 'argument': conversion from 'double' to 'const int', possible loss of data
C:\Users\hp\Downloads\Shape-Hunt-main\Shape-Hunt-main last version mai abdelnaby\Shape-Hunt-main\game.cpp(81,17): warning C4244: 'argument': conversion from 'double' to 'const int', possible loss of data
C:\Users\hp\Downloads\Shape-Hunt-main\Shape-Hunt-main last version mai abdelnaby\Shape-Hunt-main\game.cpp(240,7): warning C4101: 'keyPressed': unreferenced local variable
C:\Users\hp\Downloads\Shape-Hunt-main\Shape-Hunt-main last version mai abdelnaby\Shape-Hunt-main\game.cpp(239,13): warning C4101: 'op': unreferenced local variable
  grid.cpp
C:\Users\hp\Downloads\Shape-Hunt-main\Shape-Hunt-main last version mai abdelnaby\Shape-Hunt-main\gameConfig.h(38,23): warning C4244: 'initializing': conversion from 'double' to 'int', possible loss of data
  (compiling source file 'grid.cpp')
  
C:\Users\hp\Downloads\Shape-Hunt-main\Shape-Hunt-main last version mai abdelnaby\Shape-Hunt-main\gameConfig.h(39,24): warning C4244: 'initializing': conversion from 'double' to 'int', possible loss of data
  (compiling source file 'grid.cpp')
  
C:\Users\hp\Downloads\Shape-Hunt-main\Shape-Hunt-main last version mai abdelnaby\Shape-Hunt-main\grid.cpp(156,20): warning C4018: '<': signed/unsigned mismatch
  main.cpp
C:\Users\hp\Downloads\Shape-Hunt-main\Shape-Hunt-main last version mai abdelnaby\Shape-Hunt-main\gameConfig.h(38,23): warning C4244: 'initializing': conversion from 'double' to 'int', possible loss of data
  (compiling source file 'main.cpp')
  
C:\Users\hp\Downloads\Shape-Hunt-main\Shape-Hunt-main last version mai abdelnaby\Shape-Hunt-main\gameConfig.h(39,24): warning C4244: 'initializing': conversion from 'double' to 'int', possible loss of data
  (compiling source file 'main.cpp')
  
  toolbar.cpp
C:\Users\hp\Downloads\Shape-Hunt-main\Shape-Hunt-main last version mai abdelnaby\Shape-Hunt-main\gameConfig.h(38,23): warning C4244: 'initializing': conversion from 'double' to 'int', possible loss of data
  (compiling source file 'toolbar.cpp')
  
C:\Users\hp\Downloads\Shape-Hunt-main\Shape-Hunt-main last version mai abdelnaby\Shape-Hunt-main\gameConfig.h(39,24): warning C4244: 'initializing': conversion from 'double' to 'int', possible loss of data
  (compiling source file 'toolbar.cpp')
  
  Generating Code...
C:\Users\hp\Downloads\Shape-Hunt-main\Shape-Hunt-main last version mai abdelnaby\Shape-Hunt-main\grid.cpp(163): warning C4715: 'grid::checkdigit': not all control paths return a value
  jpegload.c
C:\Users\hp\Downloads\Shape-Hunt-main\Shape-Hunt-main last version mai abdelnaby\Shape-Hunt-main\CMUgraphicsLib\jpegload.c(23,12): warning C4996: 'fopen': This function or variable may be unsafe. Consider using fopen_s instead. To disable deprecation, use _CRT_SECURE_NO_WARNINGS. See online help for details.
  jcomapi.c
  jcparam.c
  jdapimin.c
  jdapistd.c
  jdatasrc.c
  jdcoefct.c
  jdcolor.c
  jddctmgr.c
  jdhuff.c
  jdinput.c
  jdmainct.c
  jdmarker.c
  jdmaster.c
  jdmerge.c
  jdphuff.c
  jdpostct.c
  jdsample.c
  jdtrans.c
  jerror.c
C:\Users\hp\Downloads\Shape-Hunt-main\Shape-Hunt-main last version mai abdelnaby\Shape-Hunt-main\CMUgraphicsLib\jpeg\jerror.c(169,5): warning C4996: 'sprintf': This function or variable may be unsafe. Consider using sprintf_s instead. To disable deprecation, use _CRT_SECURE_NO_WARNINGS. See online help for details.
C:\Users\hp\Downloads\Shape-Hunt-main\Shape-Hunt-main last version mai abdelnaby\Shape-Hunt-main\CMUgraphicsLib\jpeg\jerror.c(171,5): warning C4996: 'sprintf': This function or variable may be unsafe. Consider using sprintf_s instead. To disable deprecation, use _CRT_SECURE_NO_WARNINGS. See online help for details.
  Generating Code...
  Compiling...
  jidctflt.c
  jidctfst.c
  jidctint.c
  jidctred.c
  jmemmgr.c
C:\Users\hp\Downloads\Shape-Hunt-main\Shape-Hunt-main last version mai abdelnaby\Shape-Hunt-main\CMUgraphicsLib\jpeg\jmemmgr.c(1103,19): warning C4996: 'getenv': This function or variable may be unsafe. Consider using _dupenv_s instead. To disable deprecation, use _CRT_SECURE_NO_WARNINGS. See online help for details.
C:\Users\hp\Downloads\Shape-Hunt-main\Shape-Hunt-main last version mai abdelnaby\Shape-Hunt-main\CMUgraphicsLib\jpeg\jmemmgr.c(1106,11): warning C4996: 'sscanf': This function or variable may be unsafe. Consider using sscanf_s instead. To disable deprecation, use _CRT_SECURE_NO_WARNINGS. See online help for details.
  jmemnobs.c
  jquant1.c
  jquant2.c
  jutils.c
  Generating Code...
C:\Program Files\Microsoft Visual Studio\2022\Community\MSBuild\Microsoft\VC\v170\Microsoft.CppBuild.targets(1392,5): warning MSB8012: TargetPath(C:\Users\hp\Downloads\Shape-Hunt-main\Shape-Hunt-main last version mai abdelnaby\Shape-Hunt-main\Release\CIE202-project.exe) does not match the Linker's OutputFile property value (C:\Users\hp\Downloads\Shape-Hunt-main\Shape-Hunt-main last version mai abdelnaby\Shape-Hunt-main\Release\graphics_prj.exe). This may cause your project to build incorrectly. To correct this, please make sure that $(OutDir), $(TargetName) and $(TargetExt) property values match the value specified in %(Link.OutputFile).
C:\Program Files\Microsoft Visual Studio\2022\Community\MSBuild\Microsoft\VC\v170\Microsoft.CppBuild.targets(1394,5): warning MSB8012: TargetName(CIE202-project) does not match the Linker's OutputFile property value (graphics_prj). This may cause your project to build incorrectly. To correct this, please make sure that $(OutDir), $(TargetName) and $(TargetExt) property values match the value specified in %(Link.OutputFile).
grid.obj : error LNK2019: unresolved external symbol "public: void __thiscall game::setLevel(int)" (?setLevel@game@@QAEXH@Z) referenced in function "public: void __thiscall grid::handleMatch(void)" (?handleMatch@grid@@QAEXXZ)
grid.obj : error LNK2019: unresolved external symbol "public: void __thiscall game::incrementScore(int)" (?incrementScore@game@@QAEXH@Z) referenced in function "public: void __thiscall grid::handleMatch(void)" (?handleMatch@grid@@QAEXXZ)
grid.obj : error LNK2019: unresolved external symbol "public: void __thiscall game::decrementScore(int)" (?decrementScore@game@@QAEXH@Z) referenced in function "public: void __thiscall grid::handleMatch(void)" (?handleMatch@grid@@QAEXXZ)
.\Release\graphics_prj.exe : fatal error LNK1120: 3 unresolved externals
